<?xml version="1.0" encoding="UTF-8"?>
<!-- Generated by org.testng.reporters.JUnitReportReporter -->
<testsuite hostname="ceduardosq-UX430UNR" failures="0" tests="2" name="test.AppTest" time="0.018" errors="0" timestamp="2021-07-26T18:27:40 PET" skipped="0">
  <testcase classname="test.AppTest" name="test01" time="0.018"/>
  <system-out/>
  <testcase classname="test.AppTest" name="test02" time="0.000"/>
  <system-out/>
</testsuite> <!-- test.AppTest -->
